Android/ParticipaMobile/app/build/outputs/logs/manifest-merger-debug-report.txt
-- Merging decision tree log ---
manifest
ADDED from src\main\AndroidManifest.xml:2:1-69:12
	xmlns:android
		ADDED from src\main\AndroidManifest.xml:2:11-69
	package
		ADDED from src\main\AndroidManifest.xml:3:5-45
		INJECTED from src\main\AndroidManifest.xml
		INJECTED from src\main\AndroidManifest.xml
	android:versionName
		ADDED from src\main\AndroidManifest.xml:5:5-32
	android:versionCode
		ADDED from src\main\AndroidManifest.xml:4:5-29
		INJECTED from src\main\AndroidManifest.xml
		INJECTED from src\main\AndroidManifest.xml
uses-sdk
ADDED from src\main\AndroidManifest.xml:7:5-9:41
	android:targetSdkVersion
		ADDED from src\main\AndroidManifest.xml:9:9-38
		INJECTED from src\main\AndroidManifest.xml
		INJECTED from src\main\AndroidManifest.xml
	android:minSdkVersion
		ADDED from src\main\AndroidManifest.xml:8:9-34
		INJECTED from src\main\AndroidManifest.xml
		INJECTED from src\main\AndroidManifest.xml
supports-screens
ADDED from src\main\AndroidManifest.xml:11:5-18:11
	android:resizeable
		ADDED from src\main\AndroidManifest.xml:16:9-34
	android:largeScreens
		ADDED from src\main\AndroidManifest.xml:12:9-36
	android:anyDensity
		ADDED from src\main\AndroidManifest.xml:17:9-34
	android:normalScreens
		ADDED from src\main\AndroidManifest.xml:13:9-37
	android:xlargeScreens
		ADDED from src\main\AndroidManifest.xml:15:9-37
	android:smallScreens
		ADDED from src\main\AndroidManifest.xml:14:9-36
uses-feature#android.hardware.camera
ADDED from src\main\AndroidManifest.xml:20:2-82
	android:required
		ADDED from src\main\AndroidManifest.xml:20:55-79
	android:name
		ADDED from src\main\AndroidManifest.xml:20:16-54
uses-permission#android.permission.ACCESS_COARSE_LOCATION
ADDED from src\main\AndroidManifest.xml:22:5-81
	android:name
		ADDED from src\main\AndroidManifest.xml:22:22-78
uses-permission#android.permission.ACCESS_FINE_LOCATION
ADDED from src\main\AndroidManifest.xml:23:5-79
	android:name
		ADDED from src\main\AndroidManifest.xml:23:22-76
uses-permission#android.permission.ACCESS_LOCATION_EXTRA_COMMANDS
ADDED from src\main\AndroidManifest.xml:24:5-89
	android:name
		ADDED from src\main\AndroidManifest.xml:24:22-86
uses-permission#android.permission.INTERNET
ADDED from src\main\AndroidManifest.xml:25:5-67
	android:name
		ADDED from src\main\AndroidManifest.xml:25:22-64
uses-permission#android.permission.WRITE_EXTERNAL_STORAGE
ADDED from src\main\AndroidManifest.xml:26:5-81
	android:name
		ADDED from src\main\AndroidManifest.xml:26:22-78
uses-permission#android.permission.ACCESS_NETWORK_STATE
ADDED from src\main\AndroidManifest.xml:27:5-79
	android:name
		ADDED from src\main\AndroidManifest.xml:27:22-76
uses-permission#android.permission.GET_ACCOUNTS
ADDED from src\main\AndroidManifest.xml:28:2-68
	android:name
		ADDED from src\main\AndroidManifest.xml:28:19-65
uses-permission#android.permission.WAKE_LOCK
ADDED from src\main\AndroidManifest.xml:29:5-68
	android:name
		ADDED from src\main\AndroidManifest.xml:29:22-65
uses-permission#com.google.android.c2dm.permission.RECEIVE
ADDED from src\main\AndroidManifest.xml:32:5-82
	android:name
		ADDED from src\main\AndroidManifest.xml:32:22-79
permission#com.intergraph.participamobile.gcm.permission.C2D_MESSAGE
ADDED from src\main\AndroidManifest.xml:34:5-35:47
	android:protectionLevel
		ADDED from src\main\AndroidManifest.xml:35:9-44
	android:name
		ADDED from src\main\AndroidManifest.xml:34:17-89
uses-permission#com.intergraph.participamobile.gcm.permission.C2D_MESSAGE
ADDED from src\main\AndroidManifest.xml:36:5-97
	android:name
		ADDED from src\main\AndroidManifest.xml:36:22-94
application
ADDED from src\main\AndroidManifest.xml:41:5-67:19
	android:label
		ADDED from src\main\AndroidManifest.xml:43:9-41
	android:allowBackup
		ADDED from src\main\AndroidManifest.xml:44:9-35
	android:icon
		ADDED from src\main\AndroidManifest.xml:42:9-49
	android:hardwareAccelerated
		ADDED from src\main\AndroidManifest.xml:45:9-43
activity#com.intergraph.participamobile.MainActivity
ADDED from src\main\AndroidManifest.xml:46:9-54:20
	android:screenOrientation
		ADDED from src\main\AndroidManifest.xml:48:17-53
	android:label
		ADDED from src\main\AndroidManifest.xml:46:78-110
	android:configChanges
		ADDED from src\main\AndroidManifest.xml:49:17-94
	android:theme
		ADDED from src\main\AndroidManifest.xml:47:17-59
	android:name
		ADDED from src\main\AndroidManifest.xml:46:19-77
intent-filter#android.intent.action.MAIN+android.intent.category.LAUNCHER
ADDED from src\main\AndroidManifest.xml:50:13-53:29
action#android.intent.action.MAIN
ADDED from src\main\AndroidManifest.xml:51:17-69
	android:name
		ADDED from src\main\AndroidManifest.xml:51:25-66
category#android.intent.category.LAUNCHER
ADDED from src\main\AndroidManifest.xml:52:17-77
	android:name
		ADDED from src\main\AndroidManifest.xml:52:27-74
receiver#com.google.android.gcm.GCMBroadcastReceiver
ADDED from src\main\AndroidManifest.xml:57:3-63:14
	android:permission
		ADDED from src\main\AndroidManifest.xml:57:72-132
	android:name
		ADDED from src\main\AndroidManifest.xml:57:13-71
intent-filter#com.google.android.c2dm.intent.RECEIVE+com.google.android.c2dm.intent.REGISTRATION+com.intergraph.participamobile
ADDED from src\main\AndroidManifest.xml:58:5-62:21
action#com.google.android.c2dm.intent.RECEIVE
ADDED from src\main\AndroidManifest.xml:59:7-71
	android:name
		ADDED from src\main\AndroidManifest.xml:59:15-68
action#com.google.android.c2dm.intent.REGISTRATION
ADDED from src\main\AndroidManifest.xml:60:7-76
	android:name
		ADDED from src\main\AndroidManifest.xml:60:15-73
category#com.intergraph.participamobile
ADDED from src\main\AndroidManifest.xml:61:7-65
	android:name
		ADDED from src\main\AndroidManifest.xml:61:17-62
service#com.intergraph.participamobile.GCMIntentService
ADDED from src\main\AndroidManifest.xml:64:9-53
	android:name
		ADDED from src\main\AndroidManifest.xml:64:18-50